<?xml version="1.0" encoding="UTF-8"?>
<!-- Generated by org.testng.reporters.JUnitXMLReporter -->
<testsuite hostname="LAPTOP-4CFEINIF" name="verify" tests="3" failures="0" timestamp="21 Nov 2021 07:26:04 GMT" time="2.048" errors="0">
  <testcase name="getapiTest" time="1.09" classname="HealthRecoverySolutionsTestCases.HealthRecoverySolutions_API"/>
  <testcase name="putapiTest" time="0.164" classname="HealthRecoverySolutionsTestCases.HealthRecoverySolutions_API"/>
  <testcase name="postapiTest" time="0.791" classname="HealthRecoverySolutionsTestCases.HealthRecoverySolutions_API"/>
</testsuite> <!-- verify -->
