<?xml version="1.0" encoding="UTF-8"?>
<!-- Generated by org.testng.reporters.JUnitXMLReporter -->
<testsuite hostname="LAPTOP-4CFEINIF" name="verifyForgetPwdButton" tests="4" failures="1" timestamp="20 Nov 2021 20:36:47 GMT" time="40.193" errors="0">
  <testcase name="loginPageTitleTest" time="0.0" classname="HealthRecoverySolutionsTestCases.HealthRecoverySolutionsLoginTest"/>
  <testcase name="verifyloginButtonTest" time="0.0" classname="HealthRecoverySolutionsTestCases.HealthRecoverySolutionsLoginTest">
    <skipped/>
  </testcase> <!-- verifyloginButtonTest -->
  <testcase name="verifyEmptyCredentials" time="0.01" classname="HealthRecoverySolutionsTestCases.HealthRecoverySolutionsLoginTest"/>
  <testcase name="verifyForgetPwdButton" time="20.134" classname="HealthRecoverySolutionsTestCases.HealthRecoverySolutionsLoginTest">
    <failure type="org.openqa.selenium.ElementNotInteractableException" message="element not interactable
  (Session info: chrome=96.0.4664.45)
Build info: version: &amp;apos;4.0.0-rc-3&amp;apos;, revision: &amp;apos;5fe1af712f&amp;apos;
System info: host: &amp;apos;LAPTOP-4CFEINIF&amp;apos;, ip: &amp;apos;192.168.1.18&amp;apos;, os.name: &amp;apos;Windows 10&amp;apos;, os.arch: &amp;apos;amd64&amp;apos;, os.version: &amp;apos;10.0&amp;apos;, java.version: &amp;apos;1.8.0_301&amp;apos;
Driver info: org.openqa.selenium.chrome.ChromeDriver
Command: [3570ca1f303680168b10535fc96d1711, sendKeysToElement {id=a0b5690b-4885-4bae-a9b3-c2578f735805, value=[Ljava.lang.CharSequence;@654c1a54}]
Capabilities {acceptInsecureCerts: false, browserName: chrome, browserVersion: 96.0.4664.45, chrome: {chromedriverVersion: 96.0.4664.45 (76e4c1bb2ab46..., userDataDir: C:\Users\post2\AppData\Loca...}, goog:chromeOptions: {debuggerAddress: localhost:53253}, javascriptEnabled: true, networkConnectionEnabled: false, pageLoadStrategy: normal, platform: WINDOWS, platformName: WINDOWS, proxy: Proxy(), se:cdp: ws://localhost:53253/devtoo..., se:cdpVersion: 96.0.4664.45, setWindowRect: true, strictFileInteractability: false, timeouts: {implicit: 0, pageLoad: 300000, script: 30000}, unhandledPromptBehavior: dismiss and notify, webauthn:extension:credBlob: true, webauthn:extension:largeBlob: true, webauthn:virtualAuthenticators: true}
Element: [[ChromeDriver: chrome on WINDOWS (3570ca1f303680168b10535fc96d1711)] -&amp;gt; id: resetPassword_username]
Session ID: 3570ca1f303680168b10535fc96d1711">
      <![CDATA[org.openqa.selenium.ElementNotInteractableException: element not interactable
  (Session info: chrome=96.0.4664.45)
Build info: version: '4.0.0-rc-3', revision: '5fe1af712f'
System info: host: 'LAPTOP-4CFEINIF', ip: '192.168.1.18', os.name: 'Windows 10', os.arch: 'amd64', os.version: '10.0', java.version: '1.8.0_301'
Driver info: org.openqa.selenium.chrome.ChromeDriver
Command: [3570ca1f303680168b10535fc96d1711, sendKeysToElement {id=a0b5690b-4885-4bae-a9b3-c2578f735805, value=[Ljava.lang.CharSequence;@654c1a54}]
Capabilities {acceptInsecureCerts: false, browserName: chrome, browserVersion: 96.0.4664.45, chrome: {chromedriverVersion: 96.0.4664.45 (76e4c1bb2ab46..., userDataDir: C:\Users\post2\AppData\Loca...}, goog:chromeOptions: {debuggerAddress: localhost:53253}, javascriptEnabled: true, networkConnectionEnabled: false, pageLoadStrategy: normal, platform: WINDOWS, platformName: WINDOWS, proxy: Proxy(), se:cdp: ws://localhost:53253/devtoo..., se:cdpVersion: 96.0.4664.45, setWindowRect: true, strictFileInteractability: false, timeouts: {implicit: 0, pageLoad: 300000, script: 30000}, unhandledPromptBehavior: dismiss and notify, webauthn:extension:credBlob: true, webauthn:extension:largeBlob: true, webauthn:virtualAuthenticators: true}
Element: [[ChromeDriver: chrome on WINDOWS (3570ca1f303680168b10535fc96d1711)] -> id: resetPassword_username]
Session ID: 3570ca1f303680168b10535fc96d1711
	at org.openqa.selenium.remote.codec.w3c.W3CHttpResponseCodec.createException(W3CHttpResponseCodec.java:200)
	at org.openqa.selenium.remote.codec.w3c.W3CHttpResponseCodec.decode(W3CHttpResponseCodec.java:133)
	at org.openqa.selenium.remote.codec.w3c.W3CHttpResponseCodec.decode(W3CHttpResponseCodec.java:53)
	at org.openqa.selenium.remote.HttpCommandExecutor.execute(HttpCommandExecutor.java:184)
	at org.openqa.selenium.remote.service.DriverCommandExecutor.invokeExecute(DriverCommandExecutor.java:164)
	at org.openqa.selenium.remote.service.DriverCommandExecutor.execute(DriverCommandExecutor.java:139)
	at org.openqa.selenium.remote.RemoteWebDriver.execute(RemoteWebDriver.java:559)
	at org.openqa.selenium.remote.RemoteWebElement.execute(RemoteWebElement.java:251)
	at org.openqa.selenium.remote.RemoteWebElement.sendKeys(RemoteWebElement.java:107)
	at org.openqa.selenium.support.pagefactory.internal.LocatingElementHandler.invoke(LocatingElementHandler.java:52)
	at com.sun.proxy.$Proxy15.sendKeys(Unknown Source)
	at HealthRecoverySolutionsPages.HealthRecoverySolutionsLoginPage.validateForgetPwd(HealthRecoverySolutionsLoginPage.java:108)
	at HealthRecoverySolutionsTestCases.HealthRecoverySolutionsLoginTest.verifyForgetPwdButton(HealthRecoverySolutionsLoginTest.java:68)
... Removed 32 stack frames]]>
    </failure>
  </testcase> <!-- verifyForgetPwdButton -->
</testsuite> <!-- verifyForgetPwdButton -->
