<?xml version="1.0" encoding="UTF-8"?>
<!-- Generated by org.testng.reporters.JUnitXMLReporter -->
<testsuite hostname="LAPTOP-4CFEINIF" name="verifyRESTAPI" tests="3" failures="0" timestamp="21 Nov 2021 08:43:34 GMT" time="2.099" errors="0">
  <testcase name="getapiTest" time="1.051" classname="HealthRecoverySolutionsTestCases.HealthRecoverySolutions_API"/>
  <testcase name="putapiTest" time="0.16" classname="HealthRecoverySolutionsTestCases.HealthRecoverySolutions_API"/>
  <testcase name="postapiTest" time="0.884" classname="HealthRecoverySolutionsTestCases.HealthRecoverySolutions_API"/>
</testsuite> <!-- verifyRESTAPI -->
