<?xml version="1.0" encoding="UTF-8"?>
<!-- Generated by org.testng.reporters.JUnitXMLReporter -->
<testsuite hostname="LAPTOP-4CFEINIF" name="verifyloginButtonTest" tests="4" failures="0" timestamp="21 Nov 2021 08:43:32 GMT" time="45.691" errors="0">
  <testcase name="loginPageTitleTest" time="0.011" classname="HealthRecoverySolutionsTestCases.HealthRecoverySolutionsLoginTest"/>
  <testcase name="verifyloginButtonTest" time="1.226" classname="HealthRecoverySolutionsTestCases.HealthRecoverySolutionsLoginTest"/>
  <testcase name="verifyEmptyCredentials" time="0.018" classname="HealthRecoverySolutionsTestCases.HealthRecoverySolutionsLoginTest"/>
  <testcase name="verifyForgetPwdButton" time="3.244" classname="HealthRecoverySolutionsTestCases.HealthRecoverySolutionsLoginTest"/>
</testsuite> <!-- verifyloginButtonTest -->
